<?xml version="1.0" encoding="UTF-8"?>
<!-- Generated by org.testng.reporters.JUnitReportReporter -->
<testsuite hostname="DESKTOP-4MKSC1R" failures="0" tests="2" name="framework.Demo2" time="0.002" errors="0" timestamp="2024-09-06T11:03:40 IST" skipped="0">
  <testcase classname="framework.Demo2" name="test1" time="0.001">
    <system-out>
      <![CDATA[Shivam]]>
    </system-out>
  </testcase> <!-- test1 -->
  <testcase classname="framework.Demo2" name="test2" time="0.001">
    <system-out>
      <![CDATA[Kumar]]>
    </system-out>
  </testcase> <!-- test2 -->
  <system-out>
    <![CDATA[Kumar
Shivam
Shivam
Kumar]]>
  </system-out>
</testsuite> <!-- framework.Demo2 -->
